mode: set
api/main.go:20.41,33.2 10 1
api/main.go:35.13,38.16 2 0
api/main.go:38.16,40.3 1 0
api/main.go:41.2,46.16 3 0
api/main.go:46.16,48.3 1 0
api/main.go:51.2,51.56 1 0
api/main.go:55.64,56.71 1 1
api/main.go:56.71,59.3 2 1
api/main.go:62.29,63.54 1 1
api/main.go:63.54,69.3 5 1
api/main.go:72.44,73.54 1 1
api/main.go:73.54,75.17 2 1
api/main.go:75.17,77.4 1 0
api/main.go:78.3,81.19 3 1
api/main.go:81.19,83.65 2 1
api/main.go:83.65,85.5 1 0
api/main.go:86.4,86.28 1 1
api/main.go:88.3,88.36 1 1
api/main.go:88.36,90.4 1 0
api/main.go:92.3,92.35 1 1
api/main.go:97.43,98.54 1 1
api/main.go:98.54,104.17 5 1
api/main.go:104.17,107.4 2 1
api/main.go:109.3,109.31 1 1
api/main.go:114.46,115.54 1 1
api/main.go:115.54,120.17 4 1
api/main.go:120.17,122.4 1 0
api/main.go:124.3,124.31 1 1
api/main.go:129.46,130.54 1 1
api/main.go:130.54,138.17 6 1
api/main.go:138.17,140.4 1 0
api/main.go:142.3,142.31 1 1
api/main.go:147.46,148.54 1 1
api/main.go:148.54,154.17 5 1
api/main.go:154.17,157.4 2 1
api/main.go:157.9,159.18 2 1
api/main.go:159.18,163.5 2 0
api/main.go:165.4,165.47 1 1
