mode: set
api/main.go:20.13,23.16 2 0
api/main.go:23.16,25.3 1 0
api/main.go:26.2,31.16 3 0
api/main.go:31.16,33.3 1 0
api/main.go:35.2,47.76 10 0
api/main.go:51.64,52.71 1 0
api/main.go:52.71,55.3 2 0
api/main.go:58.29,59.54 1 0
api/main.go:59.54,65.3 5 0
api/main.go:68.44,69.54 1 1
api/main.go:69.54,71.17 2 1
api/main.go:71.17,73.4 1 0
api/main.go:74.3,77.19 3 1
api/main.go:77.19,79.65 2 1
api/main.go:79.65,81.5 1 0
api/main.go:82.4,82.28 1 1
api/main.go:84.3,84.36 1 1
api/main.go:84.36,86.4 1 0
api/main.go:88.3,88.35 1 1
api/main.go:93.43,94.54 1 0
api/main.go:94.54,100.17 5 0
api/main.go:100.17,103.4 2 0
api/main.go:105.3,105.31 1 0
api/main.go:110.46,111.54 1 0
api/main.go:111.54,116.17 4 0
api/main.go:116.17,118.4 1 0
api/main.go:120.3,120.31 1 0
api/main.go:125.46,126.54 1 0
api/main.go:126.54,134.17 6 0
api/main.go:134.17,136.4 1 0
api/main.go:138.3,138.31 1 0
api/main.go:143.46,144.54 1 0
api/main.go:144.54,150.17 5 0
api/main.go:150.17,153.4 2 0
api/main.go:153.9,155.18 2 0
api/main.go:155.18,159.5 2 0
api/main.go:161.4,161.47 1 0
